2025-03-25 08:37:48,069 INFO o.a.j.u.JMeterUtils: Setting Locale to en_EN
2025-03-25 08:37:48,099 INFO o.a.j.JMeter: Loading user properties from: C:\apache-jmeter-5.6.3\apache-jmeter-5.6.3\bin\user.properties
2025-03-25 08:37:48,099 INFO o.a.j.JMeter: Loading system properties from: C:\apache-jmeter-5.6.3\apache-jmeter-5.6.3\bin\system.properties
2025-03-25 08:37:48,107 INFO o.a.j.JMeter: Copyright (c) 1998-2024 The Apache Software Foundation
2025-03-25 08:37:48,107 INFO o.a.j.JMeter: Version 5.6.3
2025-03-25 08:37:48,107 INFO o.a.j.JMeter: java.version=21.0.6
2025-03-25 08:37:48,107 INFO o.a.j.JMeter: java.vm.name=OpenJDK 64-Bit Server VM
2025-03-25 08:37:48,107 INFO o.a.j.JMeter: os.name=Windows 11
2025-03-25 08:37:48,107 INFO o.a.j.JMeter: os.arch=amd64
2025-03-25 08:37:48,107 INFO o.a.j.JMeter: os.version=10.0
2025-03-25 08:37:48,107 INFO o.a.j.JMeter: file.encoding=UTF-8
2025-03-25 08:37:48,107 INFO o.a.j.JMeter: java.awt.headless=true
2025-03-25 08:37:48,107 INFO o.a.j.JMeter: Max memory     =1073741824
2025-03-25 08:37:48,107 INFO o.a.j.JMeter: Available Processors =4
2025-03-25 08:37:48,119 INFO o.a.j.JMeter: Default Locale=English (EN)
2025-03-25 08:37:48,119 INFO o.a.j.JMeter: JMeter  Locale=English (EN)
2025-03-25 08:37:48,119 INFO o.a.j.JMeter: JMeterHome=C:\apache-jmeter-5.6.3\apache-jmeter-5.6.3
2025-03-25 08:37:48,119 INFO o.a.j.JMeter: user.dir  =C:\Users\Administrator\OneDrive\Desktop\load-testing-app
2025-03-25 08:37:48,122 INFO o.a.j.JMeter: PWD       =C:\Users\Administrator\OneDrive\Desktop\load-testing-app
2025-03-25 08:37:48,125 INFO o.a.j.JMeter: IP: 192.168.29.108 Name: DESKTOP-R0LI6J8 FullName: DESKTOP-R0LI6J8
2025-03-25 08:37:48,141 INFO o.a.j.s.FileServer: Default base='C:\Users\Administrator\OneDrive\Desktop\load-testing-app'
2025-03-25 08:37:48,141 INFO o.a.j.s.FileServer: Set new base='C:\Users\Administrator\OneDrive\Desktop\load-testing-app\.\jmeter'
2025-03-25 08:37:48,519 INFO o.a.j.s.SaveService: Testplan (JMX) version: 2.2. Testlog (JTL) version: 2.2
2025-03-25 08:37:48,640 INFO o.a.j.s.SaveService: Using SaveService properties version 5.0
2025-03-25 08:37:48,646 INFO o.a.j.s.SaveService: Using SaveService properties file encoding UTF-8
2025-03-25 08:37:48,650 INFO o.a.j.s.SaveService: Loading file: .\jmeter\test_plan.jmx
2025-03-25 08:37:48,718 INFO o.a.j.p.h.s.HTTPSamplerBase: Parser for text/html is org.apache.jmeter.protocol.http.parser.LagartoBasedHtmlParser
2025-03-25 08:37:48,718 INFO o.a.j.p.h.s.HTTPSamplerBase: Parser for application/xhtml+xml is org.apache.jmeter.protocol.http.parser.LagartoBasedHtmlParser
2025-03-25 08:37:48,718 INFO o.a.j.p.h.s.HTTPSamplerBase: Parser for application/xml is org.apache.jmeter.protocol.http.parser.LagartoBasedHtmlParser
2025-03-25 08:37:48,718 INFO o.a.j.p.h.s.HTTPSamplerBase: Parser for text/xml is org.apache.jmeter.protocol.http.parser.LagartoBasedHtmlParser
2025-03-25 08:37:48,718 INFO o.a.j.p.h.s.HTTPSamplerBase: Parser for text/vnd.wap.wml is org.apache.jmeter.protocol.http.parser.RegexpHTMLParser
2025-03-25 08:37:48,718 INFO o.a.j.p.h.s.HTTPSamplerBase: Parser for text/css is org.apache.jmeter.protocol.http.parser.CssParser
2025-03-25 08:37:48,741 INFO o.a.j.JMeter: Creating summariser <summary>
2025-03-25 08:37:48,784 INFO o.a.j.e.StandardJMeterEngine: Running the test!
2025-03-25 08:37:48,786 INFO o.a.j.s.SampleEvent: List of sample_variables: []
2025-03-25 08:37:48,786 INFO o.a.j.s.SampleEvent: List of sample_variables: []
2025-03-25 08:37:48,798 INFO o.a.j.e.u.CompoundVariable: Note: Function class names must contain the string: '.functions.'
2025-03-25 08:37:48,798 INFO o.a.j.e.u.CompoundVariable: Note: Function class names must not contain the string: '.gui.'
2025-03-25 08:37:48,918 INFO o.a.j.r.ResultCollector: Folder at C:\Users\Administrator\OneDrive\Desktop\load-testing-app\results was created
2025-03-25 08:37:48,934 INFO o.a.j.JMeter: Running test (1742872068934)
2025-03-25 08:37:48,963 INFO o.a.j.e.StandardJMeterEngine: Starting ThreadGroup: 1 : Thread Group
2025-03-25 08:37:48,963 INFO o.a.j.e.StandardJMeterEngine: Starting 10 threads for group Thread Group.
2025-03-25 08:37:48,963 INFO o.a.j.e.StandardJMeterEngine: Thread will continue on error
2025-03-25 08:37:48,963 INFO o.a.j.t.ThreadGroup: Starting thread group... number=1 threads=10 ramp-up=5 delayedStart=false
2025-03-25 08:37:48,968 INFO o.a.j.t.ThreadGroup: Started thread group number 1
2025-03-25 08:37:48,968 INFO o.a.j.e.StandardJMeterEngine: All thread groups have been started
2025-03-25 08:37:49,055 INFO o.a.j.t.JMeterThread: Thread started: Thread Group 1-1
2025-03-25 08:37:49,057 INFO o.a.j.s.FileServer: Stored: ./uploads/testFile.csv
2025-03-25 08:37:49,057 ERROR o.a.j.t.JMeterThread: Test failed!
java.lang.IllegalArgumentException: File testFile.csv must exist and be readable
	at org.apache.jmeter.services.FileServer.createBufferedReader(FileServer.java:424) ~[ApacheJMeter_core.jar:5.6.3]
	at org.apache.jmeter.services.FileServer.readLine(FileServer.java:340) ~[ApacheJMeter_core.jar:5.6.3]
	at org.apache.jmeter.config.CSVDataSet.iterationStart(CSVDataSet.java:182) ~[ApacheJMeter_components.jar:5.6.3]
	at org.apache.jmeter.control.GenericController.fireIterationStart(GenericController.java:412) ~[ApacheJMeter_core.jar:5.6.3]
	at org.apache.jmeter.control.GenericController.fireIterEvents(GenericController.java:404) ~[ApacheJMeter_core.jar:5.6.3]
	at org.apache.jmeter.control.GenericController.next(GenericController.java:170) ~[ApacheJMeter_core.jar:5.6.3]
	at org.apache.jmeter.control.LoopController.next(LoopController.java:119) ~[ApacheJMeter_core.jar:5.6.3]
	at org.apache.jmeter.threads.AbstractThreadGroup.next(AbstractThreadGroup.java:109) ~[ApacheJMeter_core.jar:5.6.3]
	at org.apache.jmeter.threads.JMeterThread.run(JMeterThread.java:266) ~[ApacheJMeter_core.jar:5.6.3]
	at java.base/java.lang.Thread.run(Thread.java:1583) [?:?]
2025-03-25 08:37:49,070 INFO o.a.j.t.JMeterThread: Thread finished: Thread Group 1-1
2025-03-25 08:37:49,553 INFO o.a.j.t.JMeterThread: Thread started: Thread Group 1-2
2025-03-25 08:37:49,553 ERROR o.a.j.t.JMeterThread: Test failed!
java.lang.IllegalArgumentException: File testFile.csv must exist and be readable
	at org.apache.jmeter.services.FileServer.createBufferedReader(FileServer.java:424) ~[ApacheJMeter_core.jar:5.6.3]
	at org.apache.jmeter.services.FileServer.readLine(FileServer.java:340) ~[ApacheJMeter_core.jar:5.6.3]
	at org.apache.jmeter.config.CSVDataSet.iterationStart(CSVDataSet.java:182) ~[ApacheJMeter_components.jar:5.6.3]
	at org.apache.jmeter.control.GenericController.fireIterationStart(GenericController.java:412) ~[ApacheJMeter_core.jar:5.6.3]
	at org.apache.jmeter.control.GenericController.fireIterEvents(GenericController.java:404) ~[ApacheJMeter_core.jar:5.6.3]
	at org.apache.jmeter.control.GenericController.next(GenericController.java:170) ~[ApacheJMeter_core.jar:5.6.3]
	at org.apache.jmeter.control.LoopController.next(LoopController.java:119) ~[ApacheJMeter_core.jar:5.6.3]
	at org.apache.jmeter.threads.AbstractThreadGroup.next(AbstractThreadGroup.java:109) ~[ApacheJMeter_core.jar:5.6.3]
	at org.apache.jmeter.threads.JMeterThread.run(JMeterThread.java:266) ~[ApacheJMeter_core.jar:5.6.3]
	at java.base/java.lang.Thread.run(Thread.java:1583) [?:?]
2025-03-25 08:37:49,554 INFO o.a.j.t.JMeterThread: Thread finished: Thread Group 1-2
2025-03-25 08:37:50,054 INFO o.a.j.t.JMeterThread: Thread started: Thread Group 1-3
2025-03-25 08:37:50,054 ERROR o.a.j.t.JMeterThread: Test failed!
java.lang.IllegalArgumentException: File testFile.csv must exist and be readable
	at org.apache.jmeter.services.FileServer.createBufferedReader(FileServer.java:424) ~[ApacheJMeter_core.jar:5.6.3]
	at org.apache.jmeter.services.FileServer.readLine(FileServer.java:340) ~[ApacheJMeter_core.jar:5.6.3]
	at org.apache.jmeter.config.CSVDataSet.iterationStart(CSVDataSet.java:182) ~[ApacheJMeter_components.jar:5.6.3]
	at org.apache.jmeter.control.GenericController.fireIterationStart(GenericController.java:412) ~[ApacheJMeter_core.jar:5.6.3]
	at org.apache.jmeter.control.GenericController.fireIterEvents(GenericController.java:404) ~[ApacheJMeter_core.jar:5.6.3]
	at org.apache.jmeter.control.GenericController.next(GenericController.java:170) ~[ApacheJMeter_core.jar:5.6.3]
	at org.apache.jmeter.control.LoopController.next(LoopController.java:119) ~[ApacheJMeter_core.jar:5.6.3]
	at org.apache.jmeter.threads.AbstractThreadGroup.next(AbstractThreadGroup.java:109) ~[ApacheJMeter_core.jar:5.6.3]
	at org.apache.jmeter.threads.JMeterThread.run(JMeterThread.java:266) ~[ApacheJMeter_core.jar:5.6.3]
	at java.base/java.lang.Thread.run(Thread.java:1583) [?:?]
2025-03-25 08:37:50,054 INFO o.a.j.t.JMeterThread: Thread finished: Thread Group 1-3
2025-03-25 08:37:50,553 INFO o.a.j.t.JMeterThread: Thread started: Thread Group 1-4
2025-03-25 08:37:50,553 ERROR o.a.j.t.JMeterThread: Test failed!
java.lang.IllegalArgumentException: File testFile.csv must exist and be readable
	at org.apache.jmeter.services.FileServer.createBufferedReader(FileServer.java:424) ~[ApacheJMeter_core.jar:5.6.3]
	at org.apache.jmeter.services.FileServer.readLine(FileServer.java:340) ~[ApacheJMeter_core.jar:5.6.3]
	at org.apache.jmeter.config.CSVDataSet.iterationStart(CSVDataSet.java:182) ~[ApacheJMeter_components.jar:5.6.3]
	at org.apache.jmeter.control.GenericController.fireIterationStart(GenericController.java:412) ~[ApacheJMeter_core.jar:5.6.3]
	at org.apache.jmeter.control.GenericController.fireIterEvents(GenericController.java:404) ~[ApacheJMeter_core.jar:5.6.3]
	at org.apache.jmeter.control.GenericController.next(GenericController.java:170) ~[ApacheJMeter_core.jar:5.6.3]
	at org.apache.jmeter.control.LoopController.next(LoopController.java:119) ~[ApacheJMeter_core.jar:5.6.3]
	at org.apache.jmeter.threads.AbstractThreadGroup.next(AbstractThreadGroup.java:109) ~[ApacheJMeter_core.jar:5.6.3]
	at org.apache.jmeter.threads.JMeterThread.run(JMeterThread.java:266) ~[ApacheJMeter_core.jar:5.6.3]
	at java.base/java.lang.Thread.run(Thread.java:1583) [?:?]
2025-03-25 08:37:50,554 INFO o.a.j.t.JMeterThread: Thread finished: Thread Group 1-4
2025-03-25 08:37:51,067 INFO o.a.j.t.JMeterThread: Thread started: Thread Group 1-5
2025-03-25 08:37:51,067 ERROR o.a.j.t.JMeterThread: Test failed!
java.lang.IllegalArgumentException: File testFile.csv must exist and be readable
	at org.apache.jmeter.services.FileServer.createBufferedReader(FileServer.java:424) ~[ApacheJMeter_core.jar:5.6.3]
	at org.apache.jmeter.services.FileServer.readLine(FileServer.java:340) ~[ApacheJMeter_core.jar:5.6.3]
	at org.apache.jmeter.config.CSVDataSet.iterationStart(CSVDataSet.java:182) ~[ApacheJMeter_components.jar:5.6.3]
	at org.apache.jmeter.control.GenericController.fireIterationStart(GenericController.java:412) ~[ApacheJMeter_core.jar:5.6.3]
	at org.apache.jmeter.control.GenericController.fireIterEvents(GenericController.java:404) ~[ApacheJMeter_core.jar:5.6.3]
	at org.apache.jmeter.control.GenericController.next(GenericController.java:170) ~[ApacheJMeter_core.jar:5.6.3]
	at org.apache.jmeter.control.LoopController.next(LoopController.java:119) ~[ApacheJMeter_core.jar:5.6.3]
	at org.apache.jmeter.threads.AbstractThreadGroup.next(AbstractThreadGroup.java:109) ~[ApacheJMeter_core.jar:5.6.3]
	at org.apache.jmeter.threads.JMeterThread.run(JMeterThread.java:266) ~[ApacheJMeter_core.jar:5.6.3]
	at java.base/java.lang.Thread.run(Thread.java:1583) [?:?]
2025-03-25 08:37:51,071 INFO o.a.j.t.JMeterThread: Thread finished: Thread Group 1-5
2025-03-25 08:37:51,552 INFO o.a.j.t.JMeterThread: Thread started: Thread Group 1-6
2025-03-25 08:37:51,552 ERROR o.a.j.t.JMeterThread: Test failed!
java.lang.IllegalArgumentException: File testFile.csv must exist and be readable
	at org.apache.jmeter.services.FileServer.createBufferedReader(FileServer.java:424) ~[ApacheJMeter_core.jar:5.6.3]
	at org.apache.jmeter.services.FileServer.readLine(FileServer.java:340) ~[ApacheJMeter_core.jar:5.6.3]
	at org.apache.jmeter.config.CSVDataSet.iterationStart(CSVDataSet.java:182) ~[ApacheJMeter_components.jar:5.6.3]
	at org.apache.jmeter.control.GenericController.fireIterationStart(GenericController.java:412) ~[ApacheJMeter_core.jar:5.6.3]
	at org.apache.jmeter.control.GenericController.fireIterEvents(GenericController.java:404) ~[ApacheJMeter_core.jar:5.6.3]
	at org.apache.jmeter.control.GenericController.next(GenericController.java:170) ~[ApacheJMeter_core.jar:5.6.3]
	at org.apache.jmeter.control.LoopController.next(LoopController.java:119) ~[ApacheJMeter_core.jar:5.6.3]
	at org.apache.jmeter.threads.AbstractThreadGroup.next(AbstractThreadGroup.java:109) ~[ApacheJMeter_core.jar:5.6.3]
	at org.apache.jmeter.threads.JMeterThread.run(JMeterThread.java:266) ~[ApacheJMeter_core.jar:5.6.3]
	at java.base/java.lang.Thread.run(Thread.java:1583) [?:?]
2025-03-25 08:37:51,553 INFO o.a.j.t.JMeterThread: Thread finished: Thread Group 1-6
2025-03-25 08:37:52,052 INFO o.a.j.t.JMeterThread: Thread started: Thread Group 1-7
2025-03-25 08:37:52,064 ERROR o.a.j.t.JMeterThread: Test failed!
java.lang.IllegalArgumentException: File testFile.csv must exist and be readable
	at org.apache.jmeter.services.FileServer.createBufferedReader(FileServer.java:424) ~[ApacheJMeter_core.jar:5.6.3]
	at org.apache.jmeter.services.FileServer.readLine(FileServer.java:340) ~[ApacheJMeter_core.jar:5.6.3]
	at org.apache.jmeter.config.CSVDataSet.iterationStart(CSVDataSet.java:182) ~[ApacheJMeter_components.jar:5.6.3]
	at org.apache.jmeter.control.GenericController.fireIterationStart(GenericController.java:412) ~[ApacheJMeter_core.jar:5.6.3]
	at org.apache.jmeter.control.GenericController.fireIterEvents(GenericController.java:404) ~[ApacheJMeter_core.jar:5.6.3]
	at org.apache.jmeter.control.GenericController.next(GenericController.java:170) ~[ApacheJMeter_core.jar:5.6.3]
	at org.apache.jmeter.control.LoopController.next(LoopController.java:119) ~[ApacheJMeter_core.jar:5.6.3]
	at org.apache.jmeter.threads.AbstractThreadGroup.next(AbstractThreadGroup.java:109) ~[ApacheJMeter_core.jar:5.6.3]
	at org.apache.jmeter.threads.JMeterThread.run(JMeterThread.java:266) ~[ApacheJMeter_core.jar:5.6.3]
	at java.base/java.lang.Thread.run(Thread.java:1583) [?:?]
2025-03-25 08:37:52,064 INFO o.a.j.t.JMeterThread: Thread finished: Thread Group 1-7
2025-03-25 08:37:52,552 INFO o.a.j.t.JMeterThread: Thread started: Thread Group 1-8
2025-03-25 08:37:52,555 ERROR o.a.j.t.JMeterThread: Test failed!
java.lang.IllegalArgumentException: File testFile.csv must exist and be readable
	at org.apache.jmeter.services.FileServer.createBufferedReader(FileServer.java:424) ~[ApacheJMeter_core.jar:5.6.3]
	at org.apache.jmeter.services.FileServer.readLine(FileServer.java:340) ~[ApacheJMeter_core.jar:5.6.3]
	at org.apache.jmeter.config.CSVDataSet.iterationStart(CSVDataSet.java:182) ~[ApacheJMeter_components.jar:5.6.3]
	at org.apache.jmeter.control.GenericController.fireIterationStart(GenericController.java:412) ~[ApacheJMeter_core.jar:5.6.3]
	at org.apache.jmeter.control.GenericController.fireIterEvents(GenericController.java:404) ~[ApacheJMeter_core.jar:5.6.3]
	at org.apache.jmeter.control.GenericController.next(GenericController.java:170) ~[ApacheJMeter_core.jar:5.6.3]
	at org.apache.jmeter.control.LoopController.next(LoopController.java:119) ~[ApacheJMeter_core.jar:5.6.3]
	at org.apache.jmeter.threads.AbstractThreadGroup.next(AbstractThreadGroup.java:109) ~[ApacheJMeter_core.jar:5.6.3]
	at org.apache.jmeter.threads.JMeterThread.run(JMeterThread.java:266) ~[ApacheJMeter_core.jar:5.6.3]
	at java.base/java.lang.Thread.run(Thread.java:1583) [?:?]
2025-03-25 08:37:52,555 INFO o.a.j.t.JMeterThread: Thread finished: Thread Group 1-8
2025-03-25 08:37:53,052 INFO o.a.j.t.JMeterThread: Thread started: Thread Group 1-9
2025-03-25 08:37:53,052 ERROR o.a.j.t.JMeterThread: Test failed!
java.lang.IllegalArgumentException: File testFile.csv must exist and be readable
	at org.apache.jmeter.services.FileServer.createBufferedReader(FileServer.java:424) ~[ApacheJMeter_core.jar:5.6.3]
	at org.apache.jmeter.services.FileServer.readLine(FileServer.java:340) ~[ApacheJMeter_core.jar:5.6.3]
	at org.apache.jmeter.config.CSVDataSet.iterationStart(CSVDataSet.java:182) ~[ApacheJMeter_components.jar:5.6.3]
	at org.apache.jmeter.control.GenericController.fireIterationStart(GenericController.java:412) ~[ApacheJMeter_core.jar:5.6.3]
	at org.apache.jmeter.control.GenericController.fireIterEvents(GenericController.java:404) ~[ApacheJMeter_core.jar:5.6.3]
	at org.apache.jmeter.control.GenericController.next(GenericController.java:170) ~[ApacheJMeter_core.jar:5.6.3]
	at org.apache.jmeter.control.LoopController.next(LoopController.java:119) ~[ApacheJMeter_core.jar:5.6.3]
	at org.apache.jmeter.threads.AbstractThreadGroup.next(AbstractThreadGroup.java:109) ~[ApacheJMeter_core.jar:5.6.3]
	at org.apache.jmeter.threads.JMeterThread.run(JMeterThread.java:266) ~[ApacheJMeter_core.jar:5.6.3]
	at java.base/java.lang.Thread.run(Thread.java:1583) [?:?]
2025-03-25 08:37:53,052 INFO o.a.j.t.JMeterThread: Thread finished: Thread Group 1-9
2025-03-25 08:37:53,558 INFO o.a.j.t.JMeterThread: Thread started: Thread Group 1-10
2025-03-25 08:37:53,558 ERROR o.a.j.t.JMeterThread: Test failed!
java.lang.IllegalArgumentException: File testFile.csv must exist and be readable
	at org.apache.jmeter.services.FileServer.createBufferedReader(FileServer.java:424) ~[ApacheJMeter_core.jar:5.6.3]
	at org.apache.jmeter.services.FileServer.readLine(FileServer.java:340) ~[ApacheJMeter_core.jar:5.6.3]
	at org.apache.jmeter.config.CSVDataSet.iterationStart(CSVDataSet.java:182) ~[ApacheJMeter_components.jar:5.6.3]
	at org.apache.jmeter.control.GenericController.fireIterationStart(GenericController.java:412) ~[ApacheJMeter_core.jar:5.6.3]
	at org.apache.jmeter.control.GenericController.fireIterEvents(GenericController.java:404) ~[ApacheJMeter_core.jar:5.6.3]
	at org.apache.jmeter.control.GenericController.next(GenericController.java:170) ~[ApacheJMeter_core.jar:5.6.3]
	at org.apache.jmeter.control.LoopController.next(LoopController.java:119) ~[ApacheJMeter_core.jar:5.6.3]
	at org.apache.jmeter.threads.AbstractThreadGroup.next(AbstractThreadGroup.java:109) ~[ApacheJMeter_core.jar:5.6.3]
	at org.apache.jmeter.threads.JMeterThread.run(JMeterThread.java:266) ~[ApacheJMeter_core.jar:5.6.3]
	at java.base/java.lang.Thread.run(Thread.java:1583) [?:?]
2025-03-25 08:37:53,558 INFO o.a.j.t.JMeterThread: Thread finished: Thread Group 1-10
2025-03-25 08:37:53,558 INFO o.a.j.e.StandardJMeterEngine: Notifying test listeners of end of test
2025-03-25 08:37:53,563 INFO o.a.j.r.Summariser: summary =      0 in 00:00:00 = ******/s Avg:     0 Min: 9223372036854775807 Max: -9223372036854775808 Err:     0 (0.00%)
